test/panel/build/Android_Qt_6_8_1_Clang_armeabi_v7a-Debug/android-build-apppanel/build/intermediates/manifest_merge_blame_file/debug/processDebugMainManifest/manifest-merger-blame-debug-report.txt
1<?xml version="1.0" encoding="utf-8"?>
2<manifest xmlns:android="http://schemas.android.com/apk/res/android"
3    package="org.qtproject.example.apppanel"
4    android:installLocation="auto"
5    android:versionCode="1"
6    android:versionName="1.0" >
7
8    <uses-sdk
9        android:minSdkVersion="28"
10        android:targetSdkVersion="34" />
11
12    <uses-permission android:name="android.permission.ACCESS_FINE_LOCATION" />
12-->Android_Qt_6_8_1_Clang_armeabi_v7a-Debug/android-build-apppanel/AndroidManifest.xml:7:5-80
12-->Android_Qt_6_8_1_Clang_armeabi_v7a-Debug/android-build-apppanel/AndroidManifest.xml:7:22-76
13    <uses-permission android:name="android.permission.ACCESS_NETWORK_STATE" />
13-->Android_Qt_6_8_1_Clang_armeabi_v7a-Debug/android-build-apppanel/AndroidManifest.xml:8:5-80
13-->Android_Qt_6_8_1_Clang_armeabi_v7a-Debug/android-build-apppanel/AndroidManifest.xml:8:22-76
14    <uses-permission android:name="android.permission.INTERNET" />
14-->Android_Qt_6_8_1_Clang_armeabi_v7a-Debug/android-build-apppanel/AndroidManifest.xml:9:5-68
14-->Android_Qt_6_8_1_Clang_armeabi_v7a-Debug/android-build-apppanel/AndroidManifest.xml:9:22-64
15    <uses-permission android:name="android.permission.WRITE_EXTERNAL_STORAGE" />
15-->Android_Qt_6_8_1_Clang_armeabi_v7a-Debug/android-build-apppanel/AndroidManifest.xml:10:5-82
15-->Android_Qt_6_8_1_Clang_armeabi_v7a-Debug/android-build-apppanel/AndroidManifest.xml:10:22-78
16
17    <supports-screens
17-->Android_Qt_6_8_1_Clang_armeabi_v7a-Debug/android-build-apppanel/AndroidManifest.xml:12:5-16:39
18        android:anyDensity="true"
18-->Android_Qt_6_8_1_Clang_armeabi_v7a-Debug/android-build-apppanel/AndroidManifest.xml:13:9-34
19        android:largeScreens="true"
19-->Android_Qt_6_8_1_Clang_armeabi_v7a-Debug/android-build-apppanel/AndroidManifest.xml:14:9-36
20        android:normalScreens="true"
20-->Android_Qt_6_8_1_Clang_armeabi_v7a-Debug/android-build-apppanel/AndroidManifest.xml:15:9-37
21        android:smallScreens="true" />
21-->Android_Qt_6_8_1_Clang_armeabi_v7a-Debug/android-build-apppanel/AndroidManifest.xml:16:9-36
22
23    <permission
23-->[androidx.core:core:1.13.1] AndroidManifest.xml:22:5-24:47
24        android:name="org.qtproject.example.apppanel.DYNAMIC_RECEIVER_NOT_EXPORTED_PERMISSION"
24-->[androidx.core:core:1.13.1] AndroidManifest.xml:23:9-81
25        android:protectionLevel="signature" />
25-->[androidx.core:core:1.13.1] AndroidManifest.xml:24:9-44
26
27    <uses-permission android:name="org.qtproject.example.apppanel.DYNAMIC_RECEIVER_NOT_EXPORTED_PERMISSION" />
27-->[androidx.core:core:1.13.1] AndroidManifest.xml:26:5-97
27-->[androidx.core:core:1.13.1] AndroidManifest.xml:26:22-94
28
29    <application
29-->Android_Qt_6_8_1_Clang_armeabi_v7a-Debug/android-build-apppanel/AndroidManifest.xml:17:5-53:19
30        android:name="org.qtproject.qt.android.bindings.QtApplication"
30-->Android_Qt_6_8_1_Clang_armeabi_v7a-Debug/android-build-apppanel/AndroidManifest.xml:18:9-71
31        android:allowBackup="true"
31-->Android_Qt_6_8_1_Clang_armeabi_v7a-Debug/android-build-apppanel/AndroidManifest.xml:22:9-35
32        android:appComponentFactory="androidx.core.app.CoreComponentFactory"
32-->[androidx.core:core:1.13.1] AndroidManifest.xml:28:18-86
33        android:debuggable="true"
34        android:extractNativeLibs="true"
35        android:fullBackupOnly="false"
35-->Android_Qt_6_8_1_Clang_armeabi_v7a-Debug/android-build-apppanel/AndroidManifest.xml:23:9-39
36        android:hardwareAccelerated="true"
36-->Android_Qt_6_8_1_Clang_armeabi_v7a-Debug/android-build-apppanel/AndroidManifest.xml:19:9-43
37        android:label="apppanel"
37-->Android_Qt_6_8_1_Clang_armeabi_v7a-Debug/android-build-apppanel/AndroidManifest.xml:20:9-33
38        android:requestLegacyExternalStorage="true" >
38-->Android_Qt_6_8_1_Clang_armeabi_v7a-Debug/android-build-apppanel/AndroidManifest.xml:21:9-52
39        <activity
39-->Android_Qt_6_8_1_Clang_armeabi_v7a-Debug/android-build-apppanel/AndroidManifest.xml:24:9-42:20
40            android:name="org.qtproject.qt.android.bindings.QtActivity"
40-->Android_Qt_6_8_1_Clang_armeabi_v7a-Debug/android-build-apppanel/AndroidManifest.xml:25:13-72
41            android:configChanges="orientation|uiMode|screenLayout|screenSize|smallestScreenSize|layoutDirection|locale|fontScale|keyboard|keyboardHidden|navigation|mcc|mnc|density"
41-->Android_Qt_6_8_1_Clang_armeabi_v7a-Debug/android-build-apppanel/AndroidManifest.xml:26:13-182
42            android:exported="true"
42-->Android_Qt_6_8_1_Clang_armeabi_v7a-Debug/android-build-apppanel/AndroidManifest.xml:29:13-36
43            android:launchMode="singleTop"
43-->Android_Qt_6_8_1_Clang_armeabi_v7a-Debug/android-build-apppanel/AndroidManifest.xml:27:13-43
44            android:screenOrientation="unspecified" >
44-->Android_Qt_6_8_1_Clang_armeabi_v7a-Debug/android-build-apppanel/AndroidManifest.xml:28:13-52
45            <intent-filter>
45-->Android_Qt_6_8_1_Clang_armeabi_v7a-Debug/android-build-apppanel/AndroidManifest.xml:30:13-33:29
46                <action android:name="android.intent.action.MAIN" />
46-->Android_Qt_6_8_1_Clang_armeabi_v7a-Debug/android-build-apppanel/AndroidManifest.xml:31:17-69
46-->Android_Qt_6_8_1_Clang_armeabi_v7a-Debug/android-build-apppanel/AndroidManifest.xml:31:25-66
47
48                <category android:name="android.intent.category.LAUNCHER" />
48-->Android_Qt_6_8_1_Clang_armeabi_v7a-Debug/android-build-apppanel/AndroidManifest.xml:32:17-77
48-->Android_Qt_6_8_1_Clang_armeabi_v7a-Debug/android-build-apppanel/AndroidManifest.xml:32:27-74
49            </intent-filter>
50
51            <meta-data
51-->Android_Qt_6_8_1_Clang_armeabi_v7a-Debug/android-build-apppanel/AndroidManifest.xml:35:11-37:44
52                android:name="android.app.lib_name"
52-->Android_Qt_6_8_1_Clang_armeabi_v7a-Debug/android-build-apppanel/AndroidManifest.xml:36:17-52
53                android:value="apppanel" />
53-->Android_Qt_6_8_1_Clang_armeabi_v7a-Debug/android-build-apppanel/AndroidManifest.xml:37:17-41
54            <meta-data
54-->Android_Qt_6_8_1_Clang_armeabi_v7a-Debug/android-build-apppanel/AndroidManifest.xml:39:11-41:36
55                android:name="android.app.arguments"
55-->Android_Qt_6_8_1_Clang_armeabi_v7a-Debug/android-build-apppanel/AndroidManifest.xml:40:17-53
56                android:value="" />
56-->Android_Qt_6_8_1_Clang_armeabi_v7a-Debug/android-build-apppanel/AndroidManifest.xml:41:17-33
57        </activity>
58
59        <provider
60            android:name="androidx.core.content.FileProvider"
60-->Android_Qt_6_8_1_Clang_armeabi_v7a-Debug/android-build-apppanel/AndroidManifest.xml:45:13-62
61            android:authorities="org.qtproject.example.apppanel.qtprovider"
61-->Android_Qt_6_8_1_Clang_armeabi_v7a-Debug/android-build-apppanel/AndroidManifest.xml:46:13-62
62            android:exported="false"
62-->Android_Qt_6_8_1_Clang_armeabi_v7a-Debug/android-build-apppanel/AndroidManifest.xml:47:13-37
63            android:grantUriPermissions="true" >
63-->Android_Qt_6_8_1_Clang_armeabi_v7a-Debug/android-build-apppanel/AndroidManifest.xml:48:13-47
64            <meta-data
64-->Android_Qt_6_8_1_Clang_armeabi_v7a-Debug/android-build-apppanel/AndroidManifest.xml:49:13-51:59
65                android:name="android.support.FILE_PROVIDER_PATHS"
65-->Android_Qt_6_8_1_Clang_armeabi_v7a-Debug/android-build-apppanel/AndroidManifest.xml:50:17-67
66                android:resource="@xml/qtprovider_paths" />
66-->Android_Qt_6_8_1_Clang_armeabi_v7a-Debug/android-build-apppanel/AndroidManifest.xml:51:17-57
67        </provider>
68        <provider
68-->[androidx.profileinstaller:profileinstaller:1.3.0] AndroidManifest.xml:24:9-32:20
69            android:name="androidx.startup.InitializationProvider"
69-->[androidx.profileinstaller:profileinstaller:1.3.0] AndroidManifest.xml:25:13-67
70            android:authorities="org.qtproject.example.apppanel.androidx-startup"
70-->[androidx.profileinstaller:profileinstaller:1.3.0] AndroidManifest.xml:26:13-68
71            android:exported="false" >
71-->[androidx.profileinstaller:profileinstaller:1.3.0] AndroidManifest.xml:27:13-37
72            <meta-data
72-->[androidx.profileinstaller:profileinstaller:1.3.0] AndroidManifest.xml:29:13-31:52
73                android:name="androidx.profileinstaller.ProfileInstallerInitializer"
73-->[androidx.profileinstaller:profileinstaller:1.3.0] AndroidManifest.xml:30:17-85
74                android:value="androidx.startup" />
74-->[androidx.profileinstaller:profileinstaller:1.3.0] AndroidManifest.xml:31:17-49
75        </provider>
76
77        <receiver
77-->[androidx.profileinstaller:profileinstaller:1.3.0] AndroidManifest.xml:34:9-52:20
78            android:name="androidx.profileinstaller.ProfileInstallReceiver"
78-->[androidx.profileinstaller:profileinstaller:1.3.0] AndroidManifest.xml:35:13-76
79            android:directBootAware="false"
79-->[androidx.profileinstaller:profileinstaller:1.3.0] AndroidManifest.xml:36:13-44
80            android:enabled="true"
80-->[androidx.profileinstaller:profileinstaller:1.3.0] AndroidManifest.xml:37:13-35
81            android:exported="true"
81-->[androidx.profileinstaller:profileinstaller:1.3.0] AndroidManifest.xml:38:13-36
82            android:permission="android.permission.DUMP" >
82-->[androidx.profileinstaller:profileinstaller:1.3.0] AndroidManifest.xml:39:13-57
83            <intent-filter>
83-->[androidx.profileinstaller:profileinstaller:1.3.0] AndroidManifest.xml:40:13-42:29
84                <action android:name="androidx.profileinstaller.action.INSTALL_PROFILE" />
84-->[androidx.profileinstaller:profileinstaller:1.3.0] AndroidManifest.xml:41:17-91
84-->[androidx.profileinstaller:profileinstaller:1.3.0] AndroidManifest.xml:41:25-88
85            </intent-filter>
86            <intent-filter>
86-->[androidx.profileinstaller:profileinstaller:1.3.0] AndroidManifest.xml:43:13-45:29
87                <action android:name="androidx.profileinstaller.action.SKIP_FILE" />
87-->[androidx.profileinstaller:profileinstaller:1.3.0] AndroidManifest.xml:44:17-85
87-->[androidx.profileinstaller:profileinstaller:1.3.0] AndroidManifest.xml:44:25-82
88            </intent-filter>
89            <intent-filter>
89-->[androidx.profileinstaller:profileinstaller:1.3.0] AndroidManifest.xml:46:13-48:29
90                <action android:name="androidx.profileinstaller.action.SAVE_PROFILE" />
90-->[androidx.profileinstaller:profileinstaller:1.3.0] AndroidManifest.xml:47:17-88
90-->[androidx.profileinstaller:profileinstaller:1.3.0] AndroidManifest.xml:47:25-85
91            </intent-filter>
92            <intent-filter>
92-->[androidx.profileinstaller:profileinstaller:1.3.0] AndroidManifest.xml:49:13-51:29
93                <action android:name="androidx.profileinstaller.action.BENCHMARK_OPERATION" />
93-->[androidx.profileinstaller:profileinstaller:1.3.0] AndroidManifest.xml:50:17-95
93-->[androidx.profileinstaller:profileinstaller:1.3.0] AndroidManifest.xml:50:25-92
94            </intent-filter>
95        </receiver>
96    </application>
97
98</manifest>